0 info it worked if it ends with ok
1 verbose cli [ 'C:\\Developer\\Nodejs\\node.exe',
1 verbose cli   'C:\\Developer\\Nodejs\\node_modules\\npm\\bin\\npm-cli.js',
1 verbose cli   'start' ]
2 info using npm@3.10.10
3 info using node@v6.11.1
4 verbose run-script [ 'prestart', 'start', 'poststart' ]
5 info lifecycle game-of-life@0.0.0~prestart: game-of-life@0.0.0
6 silly lifecycle game-of-life@0.0.0~prestart: no script for prestart, continuing
7 info lifecycle game-of-life@0.0.0~start: game-of-life@0.0.0
8 verbose lifecycle game-of-life@0.0.0~start: unsafe-perm in lifecycle true
9 verbose lifecycle game-of-life@0.0.0~start: PATH: C:\Developer\Nodejs\node_modules\npm\bin\node-gyp-bin;C:\Developer\_Projects\Conway's Game of Life\game-of-life\node_modules\.bin;C:\Developer\Anaconda;C:\Developer\Anaconda\Library\mingw-w64\bin;C:\Developer\Anaconda\Library\usr\bin;C:\Developer\Anaconda\Library\bin;C:\Developer\Anaconda\Scripts;C:\ProgramData\Oracle\Java\javapath;C:\Program Files\Dell\DW WLAN Card;C:\WINDOWS\system32;C:\WINDOWS;C:\WINDOWS\System32\Wbem;C:\WINDOWS\System32\WindowsPowerShell\v1.0\;MINGW_HOME%\bin;MSYS_HOME%\bin;C:\Program Files (x86)\Skype\Phone\;C:\Program Files\TortoiseGit\bin;C:\Program Files\MySQL\MySQL Utilities 1.6\;C:\Developer\hadoop-2.8.0\bin;C:\Program Files\OpenSSH\bin;C:\Program Files\PuTTY\;C:\Program Files\MiKTeX 2.9\miktex\bin\x64\;C:\Developer\Nodejs\;C:\Developer\apache-maven-3.5.0\bin;C:\Program Files\Microsoft Network Monitor 3\;C:\Program Files (x86)\WinMerge;C:\Users\Boris\AppData\Local\Programs\Python\Python36\Scripts\;C:\Users\Boris\AppData\Local\Programs\Python\Python36\;C:\Users\Boris\AppData\Local\Microsoft\WindowsApps;;C:\Program Files (x86)\Microsoft VS Code\bin;C:\Users\Boris\AppData\Roaming\npm
10 verbose lifecycle game-of-life@0.0.0~start: CWD: C:\Developer\_Projects\Conway's Game of Life\game-of-life
11 silly lifecycle game-of-life@0.0.0~start: Args: [ '/d /s /c', 'ng serve' ]
12 silly lifecycle game-of-life@0.0.0~start: Returned: code: 3221225786  signal: null
13 info lifecycle game-of-life@0.0.0~start: Failed to exec start script
14 verbose stack Error: game-of-life@0.0.0 start: `ng serve`
14 verbose stack Exit status 3221225786
14 verbose stack     at EventEmitter.<anonymous> (C:\Developer\Nodejs\node_modules\npm\lib\utils\lifecycle.js:255:16)
14 verbose stack     at emitTwo (events.js:106:13)
14 verbose stack     at EventEmitter.emit (events.js:191:7)
14 verbose stack     at ChildProcess.<anonymous> (C:\Developer\Nodejs\node_modules\npm\lib\utils\spawn.js:40:14)
14 verbose stack     at emitTwo (events.js:106:13)
14 verbose stack     at ChildProcess.emit (events.js:191:7)
14 verbose stack     at maybeClose (internal/child_process.js:891:16)
14 verbose stack     at Process.ChildProcess._handle.onexit (internal/child_process.js:226:5)
15 verbose pkgid game-of-life@0.0.0
16 verbose cwd C:\Developer\_Projects\Conway's Game of Life\game-of-life\src
17 error Windows_NT 10.0.16299
18 error argv "C:\\Developer\\Nodejs\\node.exe" "C:\\Developer\\Nodejs\\node_modules\\npm\\bin\\npm-cli.js" "start"
19 error node v6.11.1
20 error npm  v3.10.10
21 error code ELIFECYCLE
22 error game-of-life@0.0.0 start: `ng serve`
22 error Exit status 3221225786
23 error Failed at the game-of-life@0.0.0 start script 'ng serve'.
23 error Make sure you have the latest version of node.js and npm installed.
23 error If you do, this is most likely a problem with the game-of-life package,
23 error not with npm itself.
23 error Tell the author that this fails on your system:
23 error     ng serve
23 error You can get information on how to open an issue for this project with:
23 error     npm bugs game-of-life
23 error Or if that isn't available, you can get their info via:
23 error     npm owner ls game-of-life
23 error There is likely additional logging output above.
24 verbose exit [ 1, true ]
